Arguments: 
  /home/diogo/.nvm/versions/node/v13.13.0/bin/node /usr/share/yarn/bin/yarn.js add nodemon.json package.json src vsconfig.json

PATH: 
  /home/diogo/.nvm/versions/node/v13.13.0/bin:/usr/local/sbin:/usr/local/bin:/usr/sbin:/usr/bin:/sbin:/bin:/usr/games:/usr/local/games:/snap/bin

Yarn version: 
  1.22.4

Node version: 
  13.13.0

Platform: 
  linux x64

Trace: 
  Error: https://registry.yarnpkg.com/nodemon.json: Not found
      at Request.params.callback [as _callback] (/usr/share/yarn/lib/cli.js:66987:18)
      at Request.self.callback (/usr/share/yarn/lib/cli.js:140748:22)
      at Request.emit (events.js:315:20)
      at Request.<anonymous> (/usr/share/yarn/lib/cli.js:141720:10)
      at Request.emit (events.js:315:20)
      at IncomingMessage.<anonymous> (/usr/share/yarn/lib/cli.js:141642:12)
      at Object.onceWrapper (events.js:421:28)
      at IncomingMessage.emit (events.js:327:22)
      at endReadableNT (_stream_readable.js:1201:12)
      at processTicksAndRejections (internal/process/task_queues.js:84:21)

npm manifest: 
  {
    "name": "gobarber.api",
    "version": "1.0.0",
    "main": "index.js",
    "license": "MIT",
    "dependencies": {
      "@sentry/node": "5.15.4",
      "bcryptjs": "^2.4.3",
      "bee-queue": "^1.2.3",
      "cors": "^2.8.5",
      "date-fns": "^2.0.0-beta.5",
      "dotenv": "^8.2.0",
      "express": "^4.17.1",
      "express-async-errors": "^3.1.1",
      "express-handlebars": "^4.0.0",
      "jsonwebtoken": "^8.5.1",
      "mongoose": "^5.9.6",
      "multer": "^1.4.2",
      "nodemailer": "^6.4.6",
      "nodemailer-express-handlebars": "^3.3.0",
      "pg": "^7.18.2",
      "pg-hstore": "^2.3.3",
      "sequelize": "^5.21.5",
      "yarn": "^1.22.4",
      "youch": "^2.0.10",
      "yup": "^0.28.3"
    },
    "devDependencies": {
      "eslint": "^6.8.0",
      "eslint-config-airbnb-base": "^14.1.0",
      "eslint-config-prettier": "^6.10.0",
      "eslint-plugin-import": "^2.20.1",
      "eslint-plugin-prettier": "^3.1.2",
      "nodemon": "^2.0.2",
      "prettier": "^1.19.1",
      "sequelize-cli": "^5.5.1",
      "sucrase": "^3.12.1"
    },
    "scripts": {
      "dev": "nodemon src/server.js",
      "dev:debug": "nodemon --inspect src/server.js",
      "queue": "nodemon src/queue.js",
      "db:undo": "yarn sequelize db:migrate:undo"
    }
  }

yarn manifest: 
  No manifest

Lockfile: 
  No lockfile
